03-15 12:52:37 com_github_MitjaNemec_SaveRestoreLayout.action_save_restore_layout 178:Plugin executed on: 'win32'
03-15 12:52:37 com_github_MitjaNemec_SaveRestoreLayout.action_save_restore_layout 179:Plugin executed with python version: '3.11.5 (main, Jan 27 2025, 07:08:36) [MSC v.1942 64 bit (AMD64)]'
03-15 12:52:37 com_github_MitjaNemec_SaveRestoreLayout.action_save_restore_layout 180:KiCad build version: 9.0.0
03-15 12:52:37 com_github_MitjaNemec_SaveRestoreLayout.action_save_restore_layout 181:Plugin version: 3.0.1
03-15 12:52:37 com_github_MitjaNemec_SaveRestoreLayout.action_save_restore_layout 182:Frame repr: <wx._core.Frame object at 0x000001906FBD4430>
03-15 12:52:37 com_github_MitjaNemec_SaveRestoreLayout.action_save_restore_layout 200:Anchor footprint reference is 'J15'
03-15 12:52:38 com_github_MitjaNemec_SaveRestoreLayout.action_save_restore_layout 209:Save layout chosen
03-15 12:52:38 com_github_MitjaNemec_SaveRestoreLayout.save_restore_layout 453:Working on Z:\University\v3\BackPanel_v3\BackPanel.kicad_pcb
03-15 12:52:38 com_github_MitjaNemec_SaveRestoreLayout.save_restore_layout 176:getting a list of all footprints on board
03-15 12:52:38 com_github_MitjaNemec_SaveRestoreLayout.save_restore_layout 205:Footprint J15 does not have Sheetfile property
03-15 12:52:38 com_github_MitjaNemec_SaveRestoreLayout.action_save_restore_layout 214:Fatal error when creating an instance of SaveLayout
Traceback (most recent call last):
  File "C:\Users\Admin\Documents\KiCad\9.0\3rdparty\plugins\com_github_MitjaNemec_SaveRestoreLayout\action_save_restore_layout.py", line 212, in Run
    save_layout = SaveLayout(board, src_anchor_fp_ref)
                  ^^^^^^^^^^^^^^^^^^^^^^^^^^^^^^^^^^^^
  File "C:\Users\Admin\Documents\KiCad\9.0\3rdparty\plugins\com_github_MitjaNemec_SaveRestoreLayout\save_restore_layout.py", line 456, in __init__
    self.src_prjdata = PrjData(board)
                       ^^^^^^^^^^^^^^
  File "C:\Users\Admin\Documents\KiCad\9.0\3rdparty\plugins\com_github_MitjaNemec_SaveRestoreLayout\save_restore_layout.py", line 206, in __init__
    raise LookupError("Footprint " + str(
LookupError: Footprint J15 doesn't have Sheetfile and Sheetname properties. You need to update the layout from schematics
